<?xml version="1.0" encoding="UTF-8"?>
<!-- Generated by org.testng.reporters.JUnitXMLReporter -->
<testsuite ignored="1" hostname="DESKTOP-PMKJOI5" failures="0" tests="5" name="Default test" time="0.067" errors="0" timestamp="2023-06-13T23:38:12 IST">
  <testcase classname="TestClass_TestNG.TestNG_Keywords" name="TC01" time="0.006"/>
  <testcase classname="TestClass_TestNG.TestNG_Keywords" name="TC01" time="0.002"/>
  <testcase classname="TestClass_TestNG.TestNG_Keywords" name="TC03" time="0.005"/>
  <testcase classname="TestClass_TestNG.TestNG_Keywords" name="TC02" time="0.001"/>
  <testcase classname="TestClass_TestNG.TestNG_Keywords" name="AC04" time="0.001"/>
  <testcase classname="TestClass_TestNG.TestNG_Keywords" name="TC05" time="0.0">
    <ignored/>
  </testcase> <!-- TC05 -->
</testsuite> <!-- Default test -->
