<?xml version="1.0" encoding="UTF-8"?>
<!-- Generated by org.testng.reporters.JUnitXMLReporter -->
<testsuite ignored="0" hostname="DESKTOP-PMKJOI5" failures="0" tests="4" name="Chrome" time="6.476" errors="0" timestamp="2022-07-10T14:47:42 IST">
  <testcase classname="TestPackage.TestClass_final" name="@BeforeClass browserLaunch" time="6.334">
    <failure type="java.lang.NullPointerException" message="Cannot invoke &amp;quot;UtilityPackage.UtilityClass.fetchData(int, int)&amp;quot; because &amp;quot;this.utilclass&amp;quot; is null">
      <![CDATA[java.lang.NullPointerException: Cannot invoke "UtilityPackage.UtilityClass.fetchData(int, int)" because "this.utilclass" is null
at TestPackage.TestClass_final.browserLaunch(TestClass_final.java:55)
at java.base/java.util.ArrayList.forEach(ArrayList.java:1511)
... Removed 25 stack frames]]>
    </failure>
  </testcase> <!-- @BeforeClass browserLaunch -->
  <testcase classname="TestPackage.TestClass_final" name="@BeforeMethod login" time="-1.657444662768E9">
    <skipped/>
  </testcase> <!-- @BeforeMethod login -->
  <testcase classname="TestPackage.TestClass_final" name="@AfterMethod aftermethod" time="-1.657444662781E9">
    <skipped/>
  </testcase> <!-- @AfterMethod aftermethod -->
  <testcase classname="TestPackage.TestClass_final" name="@BeforeMethod login" time="-1.657444662797E9">
    <skipped/>
  </testcase> <!-- @BeforeMethod login -->
  <testcase classname="TestPackage.TestClass_final" name="@AfterMethod aftermethod" time="-1.657444662801E9">
    <skipped/>
  </testcase> <!-- @AfterMethod aftermethod -->
  <testcase classname="TestPackage.TestClass_final" name="@BeforeMethod login" time="-1.657444662802E9">
    <skipped/>
  </testcase> <!-- @BeforeMethod login -->
  <testcase classname="TestPackage.TestClass_final" name="@AfterMethod aftermethod" time="-1.657444662821E9">
    <skipped/>
  </testcase> <!-- @AfterMethod aftermethod -->
  <testcase classname="TestPackage.TestClass_final" name="@BeforeMethod login" time="-1.657444662832E9">
    <skipped/>
  </testcase> <!-- @BeforeMethod login -->
  <testcase classname="TestPackage.TestClass_final" name="@AfterMethod aftermethod" time="-1.65744466285E9">
    <skipped/>
  </testcase> <!-- @AfterMethod aftermethod -->
  <testcase classname="TestPackage.TestClass_final" name="@AfterClass afterClass" time="-1.657444662859E9">
    <skipped/>
  </testcase> <!-- @AfterClass afterClass -->
  <testcase classname="TestPackage.TestClass_final" name="AddingCommodityStockToWatchlist" time="0.0">
    <skipped/>
  </testcase> <!-- AddingCommodityStockToWatchlist -->
  <testcase classname="TestPackage.TestClass_final" name="ValidatingDashboardTab" time="0.0">
    <skipped/>
  </testcase> <!-- ValidatingDashboardTab -->
  <testcase classname="TestPackage.TestClass_final" name="ValidatingOrdersTab" time="0.0">
    <skipped/>
  </testcase> <!-- ValidatingOrdersTab -->
  <testcase classname="TestPackage.TestClass_final" name="ValidatingHoldingsTab" time="0.0">
    <skipped/>
  </testcase> <!-- ValidatingHoldingsTab -->
</testsuite> <!-- Chrome -->
