<?xml version="1.0" encoding="UTF-8"?>
<!-- Generated by org.testng.reporters.JUnitXMLReporter -->
<testsuite ignored="0" hostname="DESKTOP-PMKJOI5" failures="0" tests="4" name="Firefox" time="7.299" errors="0" timestamp="2022-07-10T14:47:50 IST">
  <testcase classname="TestPackage.TestClass_final" name="@BeforeClass browserLaunch" time="7.249">
    <failure type="java.lang.NullPointerException" message="Cannot invoke &amp;quot;UtilityPackage.UtilityClass.fetchData(int, int)&amp;quot; because &amp;quot;this.utilclass&amp;quot; is null">
      <![CDATA[java.lang.NullPointerException: Cannot invoke "UtilityPackage.UtilityClass.fetchData(int, int)" because "this.utilclass" is null
at TestPackage.TestClass_final.browserLaunch(TestClass_final.java:55)
at java.base/java.util.ArrayList.forEach(ArrayList.java:1511)
... Removed 25 stack frames]]>
    </failure>
  </testcase> <!-- @BeforeClass browserLaunch -->
  <testcase classname="TestPackage.TestClass_final" name="@BeforeMethod login" time="-1.657444670255E9">
    <skipped/>
  </testcase> <!-- @BeforeMethod login -->
  <testcase classname="TestPackage.TestClass_final" name="@AfterMethod aftermethod" time="-1.657444670257E9">
    <skipped/>
  </testcase> <!-- @AfterMethod aftermethod -->
  <testcase classname="TestPackage.TestClass_final" name="@BeforeMethod login" time="-1.657444670259E9">
    <skipped/>
  </testcase> <!-- @BeforeMethod login -->
  <testcase classname="TestPackage.TestClass_final" name="@AfterMethod aftermethod" time="-1.657444670265E9">
    <skipped/>
  </testcase> <!-- @AfterMethod aftermethod -->
  <testcase classname="TestPackage.TestClass_final" name="@BeforeMethod login" time="-1.657444670268E9">
    <skipped/>
  </testcase> <!-- @BeforeMethod login -->
  <testcase classname="TestPackage.TestClass_final" name="@AfterMethod aftermethod" time="-1.657444670272E9">
    <skipped/>
  </testcase> <!-- @AfterMethod aftermethod -->
  <testcase classname="TestPackage.TestClass_final" name="@BeforeMethod login" time="-1.657444670278E9">
    <skipped/>
  </testcase> <!-- @BeforeMethod login -->
  <testcase classname="TestPackage.TestClass_final" name="@AfterMethod aftermethod" time="-1.65744467029E9">
    <skipped/>
  </testcase> <!-- @AfterMethod aftermethod -->
  <testcase classname="TestPackage.TestClass_final" name="@AfterClass afterClass" time="-1.657444670292E9">
    <skipped/>
  </testcase> <!-- @AfterClass afterClass -->
  <testcase classname="TestPackage.TestClass_final" name="AddingCommodityStockToWatchlist" time="0.0">
    <skipped/>
  </testcase> <!-- AddingCommodityStockToWatchlist -->
  <testcase classname="TestPackage.TestClass_final" name="ValidatingDashboardTab" time="0.0">
    <skipped/>
  </testcase> <!-- ValidatingDashboardTab -->
  <testcase classname="TestPackage.TestClass_final" name="ValidatingOrdersTab" time="0.0">
    <skipped/>
  </testcase> <!-- ValidatingOrdersTab -->
  <testcase classname="TestPackage.TestClass_final" name="ValidatingHoldingsTab" time="0.0">
    <skipped/>
  </testcase> <!-- ValidatingHoldingsTab -->
</testsuite> <!-- Firefox -->
