<?xml version="1.0" encoding="UTF-8"?>
<!-- Generated by org.testng.reporters.JUnitXMLReporter -->
<testsuite ignored="0" hostname="DESKTOP-PMKJOI5" failures="0" tests="4" name="testOnChrome" time="39.235" errors="0" timestamp="2022-06-21T12:45:19 IST">
  <testcase classname="TestPackage.TestClass_final" name="AddingCommodityStockToWatchlist" time="8.992"/>
  <testcase classname="TestPackage.TestClass_final" name="ValidatingDashboardTab" time="4.137"/>
  <testcase classname="TestPackage.TestClass_final" name="ValidatingOrdersTab" time="2.46"/>
  <testcase classname="TestPackage.TestClass_final" name="ValidatingHoldingsTab" time="2.527"/>
</testsuite> <!-- testOnChrome -->
