<?xml version="1.0" encoding="UTF-8"?>
<!-- Generated by org.testng.reporters.JUnitXMLReporter -->
<testsuite ignored="0" hostname="DESKTOP-PMKJOI5" failures="0" tests="6" name="Test1" time="0.053" errors="0" timestamp="2024-02-04T01:19:55 IST">
  <testcase classname="Parallel_Testing.ParallelTest2" name="TC01" time="0.009"/>
  <testcase classname="Parallel_Testing.ParallelTest1" name="TC01" time="0.01"/>
  <testcase classname="Parallel_Testing.ParallelTest1" name="TC02" time="0.0"/>
  <testcase classname="Parallel_Testing.ParallelTest2" name="TC02" time="0.001"/>
  <testcase classname="Parallel_Testing.ParallelTest1" name="TC03" time="0.001"/>
  <testcase classname="Parallel_Testing.ParallelTest2" name="TC03" time="0.001"/>
</testsuite> <!-- Test1 -->
