<?xml version="1.0" encoding="UTF-8"?>
<!-- Generated by org.testng.reporters.JUnitXMLReporter -->
<testsuite ignored="0" hostname="DESKTOP-PMKJOI5" failures="0" tests="4" name="testOnEdge" time="49.581" errors="0" timestamp="2022-06-21T12:46:59 IST">
  <testcase classname="TestPackage.TestClass_final" name="AddingCommodityStockToWatchlist" time="12.253"/>
  <testcase classname="TestPackage.TestClass_final" name="ValidatingDashboardTab" time="4.085"/>
  <testcase classname="TestPackage.TestClass_final" name="ValidatingOrdersTab" time="2.405"/>
  <testcase classname="TestPackage.TestClass_final" name="ValidatingHoldingsTab" time="2.551"/>
</testsuite> <!-- testOnEdge -->
