<?xml version="1.0" encoding="UTF-8"?>
<!-- Generated by org.testng.reporters.JUnitXMLReporter -->
<testsuite ignored="0" hostname="DESKTOP-PMKJOI5" failures="0" tests="4" name="testOnFirefox" time="49.899" errors="0" timestamp="2022-06-21T12:46:09 IST">
  <testcase classname="TestPackage.TestClass_final" name="AddingCommodityStockToWatchlist" time="9.203"/>
  <testcase classname="TestPackage.TestClass_final" name="ValidatingDashboardTab" time="4.27"/>
  <testcase classname="TestPackage.TestClass_final" name="ValidatingOrdersTab" time="3.257"/>
  <testcase classname="TestPackage.TestClass_final" name="ValidatingHoldingsTab" time="2.448"/>
</testsuite> <!-- testOnFirefox -->
