<?xml version="1.0" encoding="UTF-8"?>
<!-- Generated by org.testng.reporters.JUnitXMLReporter -->
<testsuite ignored="0" hostname="DESKTOP-PMKJOI5" failures="0" tests="6" name="test2" time="0.072" errors="0" timestamp="2022-07-03T20:07:59 IST">
  <testcase classname="Parallel_Testing.ParallelTest2" name="TC01" time="0.011"/>
  <testcase classname="Parallel_Testing.ParallelTest1" name="TC01" time="0.011"/>
  <testcase classname="Parallel_Testing.ParallelTest2" name="TC02" time="0.002"/>
  <testcase classname="Parallel_Testing.ParallelTest2" name="TC03" time="0.002"/>
  <testcase classname="Parallel_Testing.ParallelTest1" name="TC02" time="0.003"/>
  <testcase classname="Parallel_Testing.ParallelTest1" name="TC03" time="0.001"/>
</testsuite> <!-- test2 -->
