<?xml version="1.0" encoding="UTF-8"?>
<!-- Generated by org.testng.reporters.JUnitXMLReporter -->
<testsuite ignored="0" hostname="DESKTOP-PMKJOI5" failures="0" tests="4" name="Chrome(failed)" time="10.157" errors="0" timestamp="2022-06-24T11:10:38 IST">
  <testcase classname="TestPackage.TestClass_final" name="@BeforeClass browserLaunch" time="10.004">
    <failure type="java.lang.Error" message="Unresolved compilation problem: 
	UtilityClass cannot be resolved to a type
">
      <![CDATA[java.lang.Error: Unresolved compilation problem: 
UtilityClass cannot be resolved to a type

at Kite_pom.KiteLogin.<init>(KiteLogin.java:8)
at TestPackage.TestClass_final.browserLaunch(TestClass_final.java:42)
at java.base/java.util.ArrayList.forEach(ArrayList.java:1511)
... Removed 25 stack frames]]>
    </failure>
  </testcase> <!-- @BeforeClass browserLaunch -->
  <testcase classname="TestPackage.TestClass_final" name="@BeforeMethod login" time="-1.656049237725E9">
    <skipped/>
  </testcase> <!-- @BeforeMethod login -->
  <testcase classname="TestPackage.TestClass_final" name="@AfterMethod logout" time="-1.656049237735E9">
    <skipped/>
  </testcase> <!-- @AfterMethod logout -->
  <testcase classname="TestPackage.TestClass_final" name="@BeforeMethod login" time="-1.656049237744E9">
    <skipped/>
  </testcase> <!-- @BeforeMethod login -->
  <testcase classname="TestPackage.TestClass_final" name="@AfterMethod logout" time="-1.656049237748E9">
    <skipped/>
  </testcase> <!-- @AfterMethod logout -->
  <testcase classname="TestPackage.TestClass_final" name="@BeforeMethod login" time="-1.656049237755E9">
    <skipped/>
  </testcase> <!-- @BeforeMethod login -->
  <testcase classname="TestPackage.TestClass_final" name="@AfterMethod logout" time="-1.656049237761E9">
    <skipped/>
  </testcase> <!-- @AfterMethod logout -->
  <testcase classname="TestPackage.TestClass_final" name="@BeforeMethod login" time="-1.656049237763E9">
    <skipped/>
  </testcase> <!-- @BeforeMethod login -->
  <testcase classname="TestPackage.TestClass_final" name="@AfterMethod logout" time="-1.656049237775E9">
    <skipped/>
  </testcase> <!-- @AfterMethod logout -->
  <testcase classname="TestPackage.TestClass_final" name="@AfterClass afterClass" time="-1.656049237777E9">
    <skipped/>
  </testcase> <!-- @AfterClass afterClass -->
  <testcase classname="TestPackage.TestClass_final" name="AddingCommodityStockToWatchlist" time="0.0">
    <skipped/>
  </testcase> <!-- AddingCommodityStockToWatchlist -->
  <testcase classname="TestPackage.TestClass_final" name="ValidatingDashboardTab" time="0.0">
    <skipped/>
  </testcase> <!-- ValidatingDashboardTab -->
  <testcase classname="TestPackage.TestClass_final" name="ValidatingOrdersTab" time="0.0">
    <skipped/>
  </testcase> <!-- ValidatingOrdersTab -->
  <testcase classname="TestPackage.TestClass_final" name="ValidatingHoldingsTab" time="0.0">
    <skipped/>
  </testcase> <!-- ValidatingHoldingsTab -->
</testsuite> <!-- Chrome(failed) -->
