<?xml version="1.0" encoding="UTF-8"?>
<testsuite xmlns:xsi="http://www.w3.org/2001/XMLSchema-instance" xsi:noNamespaceSchemaLocation="https://maven.apache.org/surefire/maven-surefire-plugin/xsd/surefire-test-report-3.0.xsd" version="3.0" name="TestSuite" time="1.313" tests="27" errors="0" skipped="13" failures="3">
  <properties>
[...]
</properties>
  <testcase name="TC01" classname="TestClass_TestNG.TestNG_Basic_Hierarchy" time="0.007">
    <system-out><![CDATA[Before Class
Before Method
Test Case 01
]]></system-out>
    <system-err><![CDATA[SLF4J: Failed to load class "org.slf4j.impl.StaticLoggerBinder".
SLF4J: Defaulting to no-operation (NOP) logger implementation
SLF4J: See http://www.slf4j.org/codes.html#StaticLoggerBinder for further details.
]]></system-err>
  </testcase>
  <testcase name="TC02" classname="TestClass_TestNG.TestNG_Basic_Hierarchy" time="0.0">
    <system-out><![CDATA[After Method
Before Method
Test Case 02
]]></system-out>
  </testcase>
  <testcase name="TC03" classname="TestClass_TestNG.TestNG_Basic_Hierarchy" time="0.001">
    <system-out><![CDATA[After Method
Before Method
Test Case 03
]]></system-out>
  </testcase>
  <testcase name="TC01" classname="TestClass_TestNG.TestNG_Keywords" time="0.0">
    <system-out><![CDATA[After Method
After Class
Before Class
Before Method
TC01
]]></system-out>
  </testcase>
  <testcase name="TC01" classname="TestClass_TestNG.TestNG_Keywords" time="0.0">
    <system-out><![CDATA[After Method
Before Method
TC01
]]></system-out>
  </testcase>
  <testcase name="TC03" classname="TestClass_TestNG.TestNG_Keywords" time="0.0">
    <system-out><![CDATA[After Method
Before Method
TC03
]]></system-out>
  </testcase>
  <testcase name="TC02" classname="TestClass_TestNG.TestNG_Keywords" time="0.001">
    <system-out><![CDATA[After Method
Before Method
TC02
]]></system-out>
  </testcase>
  <testcase name="AC04" classname="TestClass_TestNG.TestNG_Keywords" time="0.001">
    <system-out><![CDATA[After Method
Before Method
TC04
]]></system-out>
  </testcase>
  <testcase name="AC04" classname="TestClass_TestNG.TestNg_Test_enabled_Test_suite" time="0.0">
    <failure message="/ by zero" type="java.lang.ArithmeticException"><![CDATA[java.lang.ArithmeticException: / by zero
	at TestClass_TestNG.TestNg_Test_enabled_Test_suite.AC04(TestNg_Test_enabled_Test_suite.java:45)
	at java.base/jdk.internal.reflect.DirectMethodHandleAccessor.invoke(DirectMethodHandleAccessor.java:103)
	at java.base/java.lang.reflect.Method.invoke(Method.java:580)
	at org.testng.internal.invokers.MethodInvocationHelper.invokeMethod(MethodInvocationHelper.java:141)
	at org.testng.internal.invokers.TestInvoker.invokeMethod(TestInvoker.java:686)
	at org.testng.internal.invokers.TestInvoker.invokeTestMethod(TestInvoker.java:230)
	at org.testng.internal.invokers.MethodRunner.runInSequence(MethodRunner.java:63)
	at org.testng.internal.invokers.TestInvoker$MethodInvocationAgent.invoke(TestInvoker.java:992)
	at org.testng.internal.invokers.TestInvoker.invokeTestMethods(TestInvoker.java:203)
	at org.testng.internal.invokers.TestMethodWorker.invokeTestMethods(TestMethodWorker.java:154)
	at org.testng.internal.invokers.TestMethodWorker.run(TestMethodWorker.java:134)
	at java.base/java.util.ArrayList.forEach(ArrayList.java:1597)
	at org.testng.TestRunner.privateRun(TestRunner.java:739)
	at org.testng.TestRunner.run(TestRunner.java:614)
	at org.testng.SuiteRunner.runTest(SuiteRunner.java:421)
	at org.testng.SuiteRunner.runSequentially(SuiteRunner.java:413)
	at org.testng.SuiteRunner.privateRun(SuiteRunner.java:373)
	at org.testng.SuiteRunner.run(SuiteRunner.java:312)
	at org.testng.SuiteRunnerWorker.runSuite(SuiteRunnerWorker.java:52)
	at org.testng.SuiteRunnerWorker.run(SuiteRunnerWorker.java:95)
	at org.testng.TestNG.runSuitesSequentially(TestNG.java:1274)
	at org.testng.TestNG.runSuitesLocally(TestNG.java:1208)
	at org.testng.TestNG.runSuites(TestNG.java:1112)
	at org.testng.TestNG.run(TestNG.java:1079)
	at org.apache.maven.surefire.testng.TestNGExecutor.run(TestNGExecutor.java:155)
	at org.apache.maven.surefire.testng.TestNGDirectoryTestSuite.executeMulti(TestNGDirectoryTestSuite.java:169)
	at org.apache.maven.surefire.testng.TestNGDirectoryTestSuite.execute(TestNGDirectoryTestSuite.java:88)
	at org.apache.maven.surefire.testng.TestNGProvider.invoke(TestNGProvider.java:137)
	at org.apache.maven.surefire.booter.ForkedBooter.runSuitesInProcess(ForkedBooter.java:385)
	at org.apache.maven.surefire.booter.ForkedBooter.execute(ForkedBooter.java:162)
	at org.apache.maven.surefire.booter.ForkedBooter.run(ForkedBooter.java:507)
	at org.apache.maven.surefire.booter.ForkedBooter.main(ForkedBooter.java:495)
]]></failure>
    <system-out><![CDATA[After Method
After Class
Before Class
Before Method
]]></system-out>
  </testcase>
  <testcase name="TC01" classname="TestClass_TestNG.TestNg_Test_enabled_Test_suite" time="0.0">
    <system-out><![CDATA[After Method
Before Method
TC01
]]></system-out>
  </testcase>
  <testcase name="TC02" classname="TestClass_TestNG.TestNg_Test_enabled_Test_suite" time="0.0">
    <system-out><![CDATA[After Method
Before Method
TC02
]]></system-out>
  </testcase>
  <testcase name="TC03" classname="TestClass_TestNG.TestNg_Test_enabled_Test_suite" time="0.0">
    <failure message="/ by zero" type="java.lang.ArithmeticException"><![CDATA[java.lang.ArithmeticException: / by zero
	at TestClass_TestNG.TestNg_Test_enabled_Test_suite.TC03(TestNg_Test_enabled_Test_suite.java:38)
	at java.base/jdk.internal.reflect.DirectMethodHandleAccessor.invoke(DirectMethodHandleAccessor.java:103)
	at java.base/java.lang.reflect.Method.invoke(Method.java:580)
	at org.testng.internal.invokers.MethodInvocationHelper.invokeMethod(MethodInvocationHelper.java:141)
	at org.testng.internal.invokers.TestInvoker.invokeMethod(TestInvoker.java:686)
	at org.testng.internal.invokers.TestInvoker.invokeTestMethod(TestInvoker.java:230)
	at org.testng.internal.invokers.MethodRunner.runInSequence(MethodRunner.java:63)
	at org.testng.internal.invokers.TestInvoker$MethodInvocationAgent.invoke(TestInvoker.java:992)
	at org.testng.internal.invokers.TestInvoker.invokeTestMethods(TestInvoker.java:203)
	at org.testng.internal.invokers.TestMethodWorker.invokeTestMethods(TestMethodWorker.java:154)
	at org.testng.internal.invokers.TestMethodWorker.run(TestMethodWorker.java:134)
	at java.base/java.util.ArrayList.forEach(ArrayList.java:1597)
	at org.testng.TestRunner.privateRun(TestRunner.java:739)
	at org.testng.TestRunner.run(TestRunner.java:614)
	at org.testng.SuiteRunner.runTest(SuiteRunner.java:421)
	at org.testng.SuiteRunner.runSequentially(SuiteRunner.java:413)
	at org.testng.SuiteRunner.privateRun(SuiteRunner.java:373)
	at org.testng.SuiteRunner.run(SuiteRunner.java:312)
	at org.testng.SuiteRunnerWorker.runSuite(SuiteRunnerWorker.java:52)
	at org.testng.SuiteRunnerWorker.run(SuiteRunnerWorker.java:95)
	at org.testng.TestNG.runSuitesSequentially(TestNG.java:1274)
	at org.testng.TestNG.runSuitesLocally(TestNG.java:1208)
	at org.testng.TestNG.runSuites(TestNG.java:1112)
	at org.testng.TestNG.run(TestNG.java:1079)
	at org.apache.maven.surefire.testng.TestNGExecutor.run(TestNGExecutor.java:155)
	at org.apache.maven.surefire.testng.TestNGDirectoryTestSuite.executeMulti(TestNGDirectoryTestSuite.java:169)
	at org.apache.maven.surefire.testng.TestNGDirectoryTestSuite.execute(TestNGDirectoryTestSuite.java:88)
	at org.apache.maven.surefire.testng.TestNGProvider.invoke(TestNGProvider.java:137)
	at org.apache.maven.surefire.booter.ForkedBooter.runSuitesInProcess(ForkedBooter.java:385)
	at org.apache.maven.surefire.booter.ForkedBooter.execute(ForkedBooter.java:162)
	at org.apache.maven.surefire.booter.ForkedBooter.run(ForkedBooter.java:507)
	at org.apache.maven.surefire.booter.ForkedBooter.main(ForkedBooter.java:495)
]]></failure>
    <system-out><![CDATA[After Method
Before Method
]]></system-out>
  </testcase>
  <testcase name="TC05" classname="TestClass_TestNG.TestNg_Test_enabled_Test_suite" time="0.0">
    <system-out><![CDATA[After Method
Before Method
TC05
]]></system-out>
  </testcase>
  <testcase name="browserLaunch" classname="TestPackage.TestClass_final" time="0.004">
    <failure message="The driver executable does not exist: D:\Automation -Selenium Webdriver\chromedriver_win32\chromedriver.exe" type="java.lang.IllegalStateException"><![CDATA[java.lang.IllegalStateException: The driver executable does not exist: D:\Automation -Selenium Webdriver\chromedriver_win32\chromedriver.exe
	at com.google.common.base.Preconditions.checkState(Preconditions.java:585)
	at org.openqa.selenium.remote.service.DriverService.checkExecutable(DriverService.java:146)
	at org.openqa.selenium.remote.service.DriverService.findExecutable(DriverService.java:141)
	at org.openqa.selenium.chrome.ChromeDriverService.access$000(ChromeDriverService.java:35)
	at org.openqa.selenium.chrome.ChromeDriverService$Builder.findDefaultExecutable(ChromeDriverService.java:159)
	at org.openqa.selenium.remote.service.DriverService$Builder.build(DriverService.java:355)
	at org.openqa.selenium.chrome.ChromeDriverService.createDefaultService(ChromeDriverService.java:94)
	at org.openqa.selenium.chrome.ChromeDriver.<init>(ChromeDriver.java:123)
	at BasePackage.BaseClass.launchBrowser(BaseClass.java:26)
	at TestPackage.TestClass_final.browserLaunch(TestClass_final.java:42)
	at java.base/jdk.internal.reflect.DirectMethodHandleAccessor.invoke(DirectMethodHandleAccessor.java:103)
	at java.base/java.lang.reflect.Method.invoke(Method.java:580)
	at org.testng.internal.invokers.MethodInvocationHelper.invokeMethod(MethodInvocationHelper.java:141)
	at org.testng.internal.invokers.MethodInvocationHelper.invokeMethodConsideringTimeout(MethodInvocationHelper.java:71)
	at org.testng.internal.invokers.ConfigInvoker.invokeConfigurationMethod(ConfigInvoker.java:400)
	at org.testng.internal.invokers.ConfigInvoker.invokeConfigurations(ConfigInvoker.java:333)
	at org.testng.internal.invokers.TestMethodWorker.invokeBeforeClassMethods(TestMethodWorker.java:188)
	at org.testng.internal.invokers.TestMethodWorker.run(TestMethodWorker.java:128)
	at java.base/java.util.ArrayList.forEach(ArrayList.java:1597)
	at org.testng.TestRunner.privateRun(TestRunner.java:739)
	at org.testng.TestRunner.run(TestRunner.java:614)
	at org.testng.SuiteRunner.runTest(SuiteRunner.java:421)
	at org.testng.SuiteRunner.runSequentially(SuiteRunner.java:413)
	at org.testng.SuiteRunner.privateRun(SuiteRunner.java:373)
	at org.testng.SuiteRunner.run(SuiteRunner.java:312)
	at org.testng.SuiteRunnerWorker.runSuite(SuiteRunnerWorker.java:52)
	at org.testng.SuiteRunnerWorker.run(SuiteRunnerWorker.java:95)
	at org.testng.TestNG.runSuitesSequentially(TestNG.java:1274)
	at org.testng.TestNG.runSuitesLocally(TestNG.java:1208)
	at org.testng.TestNG.runSuites(TestNG.java:1112)
	at org.testng.TestNG.run(TestNG.java:1079)
	at org.apache.maven.surefire.testng.TestNGExecutor.run(TestNGExecutor.java:155)
	at org.apache.maven.surefire.testng.TestNGDirectoryTestSuite.executeMulti(TestNGDirectoryTestSuite.java:169)
	at org.apache.maven.surefire.testng.TestNGDirectoryTestSuite.execute(TestNGDirectoryTestSuite.java:88)
	at org.apache.maven.surefire.testng.TestNGProvider.invoke(TestNGProvider.java:137)
	at org.apache.maven.surefire.booter.ForkedBooter.runSuitesInProcess(ForkedBooter.java:385)
	at org.apache.maven.surefire.booter.ForkedBooter.execute(ForkedBooter.java:162)
	at org.apache.maven.surefire.booter.ForkedBooter.run(ForkedBooter.java:507)
	at org.apache.maven.surefire.booter.ForkedBooter.main(ForkedBooter.java:495)
]]></failure>
    <system-out><![CDATA[After Method
After Class
]]></system-out>
  </testcase>
  <testcase name="login" classname="TestPackage.TestClass_final" time="0.0">
    <skipped/>
  </testcase>
  <testcase name="login" classname="TestPackage.TestClass_final" time="0.0">
    <skipped/>
  </testcase>
  <testcase name="login" classname="TestPackage.TestClass_final" time="0.0">
    <skipped/>
  </testcase>
  <testcase name="login" classname="TestPackage.TestClass_final" time="0.0">
    <skipped/>
  </testcase>
  <testcase name="AddingCommodityStockToWatchlist" classname="TestPackage.TestClass_final" time="0.0">
    <skipped message="The driver executable does not exist: D:\Automation -Selenium Webdriver\chromedriver_win32\chromedriver.exe"/>
  </testcase>
  <testcase name="aftermethod" classname="TestPackage.TestClass_final" time="0.0">
    <skipped/>
  </testcase>
  <testcase name="aftermethod" classname="TestPackage.TestClass_final" time="0.0">
    <skipped/>
  </testcase>
  <testcase name="aftermethod" classname="TestPackage.TestClass_final" time="0.0">
    <skipped/>
  </testcase>
  <testcase name="aftermethod" classname="TestPackage.TestClass_final" time="0.0">
    <skipped/>
  </testcase>
  <testcase name="ValidatingDashboardTab" classname="TestPackage.TestClass_final" time="0.0">
    <skipped message="The driver executable does not exist: D:\Automation -Selenium Webdriver\chromedriver_win32\chromedriver.exe"/>
  </testcase>
  <testcase name="ValidatingOrdersTab" classname="TestPackage.TestClass_final" time="0.0">
    <skipped message="The driver executable does not exist: D:\Automation -Selenium Webdriver\chromedriver_win32\chromedriver.exe"/>
  </testcase>
  <testcase name="ValidatingHoldingsTab" classname="TestPackage.TestClass_final" time="0.0">
    <skipped message="The driver executable does not exist: D:\Automation -Selenium Webdriver\chromedriver_win32\chromedriver.exe"/>
  </testcase>
  <testcase name="afterClass" classname="TestPackage.TestClass_final" time="0.0">
    <skipped/>
  </testcase>
</testsuite>