<?xml version="1.0" encoding="UTF-8"?>
<testng-results ignored="0" total="6" passed="6" failed="0" skipped="0">
  <reporter-output>
  </reporter-output>
  <suite started-at="2024-02-04T01:19:55 IST" name="Suite" finished-at="2024-02-04T01:19:55 IST" duration-ms="53">
    <groups>
    </groups>
    <test started-at="2024-02-04T01:19:55 IST" name="Test1" finished-at="2024-02-04T01:19:55 IST" duration-ms="53">
      <class name="Parallel_Testing.ParallelTest1">
        <test-method signature="TC01()[pri:0, instance:Parallel_Testing.ParallelTest1@65466a6a]" started-at="2024-02-04T01:19:55 IST" name="TC01" finished-at="2024-02-04T01:19:55 IST" duration-ms="10" status="PASS">
          <reporter-output>
          </reporter-output>
        </test-method> <!-- TC01 -->
        <test-method signature="TC02()[pri:0, instance:Parallel_Testing.ParallelTest1@65466a6a]" started-at="2024-02-04T01:19:55 IST" name="TC02" finished-at="2024-02-04T01:19:55 IST" duration-ms="0" status="PASS">
          <reporter-output>
          </reporter-output>
        </test-method> <!-- TC02 -->
        <test-method signature="TC03()[pri:0, instance:Parallel_Testing.ParallelTest1@65466a6a]" started-at="2024-02-04T01:19:55 IST" name="TC03" finished-at="2024-02-04T01:19:55 IST" duration-ms="1" status="PASS">
          <reporter-output>
          </reporter-output>
        </test-method> <!-- TC03 -->
      </class> <!-- Parallel_Testing.ParallelTest1 -->
      <class name="Parallel_Testing.ParallelTest2">
        <test-method signature="TC01()[pri:0, instance:Parallel_Testing.ParallelTest2@5be6e01c]" started-at="2024-02-04T01:19:55 IST" name="TC01" finished-at="2024-02-04T01:19:55 IST" duration-ms="9" status="PASS">
          <reporter-output>
          </reporter-output>
        </test-method> <!-- TC01 -->
        <test-method signature="TC02()[pri:0, instance:Parallel_Testing.ParallelTest2@5be6e01c]" started-at="2024-02-04T01:19:55 IST" name="TC02" finished-at="2024-02-04T01:19:55 IST" duration-ms="1" status="PASS">
          <reporter-output>
          </reporter-output>
        </test-method> <!-- TC02 -->
        <test-method signature="TC03()[pri:0, instance:Parallel_Testing.ParallelTest2@5be6e01c]" started-at="2024-02-04T01:19:55 IST" name="TC03" finished-at="2024-02-04T01:19:55 IST" duration-ms="1" status="PASS">
          <reporter-output>
          </reporter-output>
        </test-method> <!-- TC03 -->
      </class> <!-- Parallel_Testing.ParallelTest2 -->
    </test> <!-- Test1 -->
  </suite> <!-- Suite -->
</testng-results>
